"../../../../../Unreal/RoverTest/Content/M_MasterLandscape_NON_Tessellation.uasset" 0
"../../../Engine/Content/Functions/Engine_MaterialFunctions02/Utility/VectorLength.uasset" 1
"../../../../../Unreal/RoverTest/Content/M_MasterLandscape_Tessellation.uasset" 2
"../../../../../Unreal/RoverTest/Content/VehicleAdv/Vehicle/VehicleSkeleton.uasset" 3
"../../../../../Unreal/RoverTest/Content/VehicleAdv/Vehicle/VehicleAnimationBlueprint.uasset" 4
"../../../../../Unreal/RoverTest/Content/VehicleAdv/PhysicsMaterials/NonSlippery.uasset" 5
"../../../../../Unreal/RoverTest/Content/VehicleAdv/PhysicsMaterials/Slippery.uasset" 6
"../../../../../Unreal/RoverTest/Content/VehicleAdv/Vehicle/WheelData/Vehicle_BackTireConfig.uasset" 7
"../../../../../Unreal/RoverTest/Content/VehicleAdvBP/Blueprints/WheelData/WheelBack.uasset" 8
"../../../../../Unreal/RoverTest/Content/VehicleAdv/Vehicle/WheelData/Vehicle_FrontTireConfig.uasset" 9
"../../../../../Unreal/RoverTest/Content/VehicleAdvBP/Blueprints/WheelData/WheelFront.uasset" 10
"../../../Engine/Content/EngineFonts/RobotoDistanceField.uasset" 11
"../../../Engine/Content/Functions/Engine_MaterialFunctions03/Procedurals/ComputeFilterWidth.uasset" 12
"../../../Engine/Content/EngineMaterials/AntiAliasedTextMaterialTranslucent.uasset" 13
"../../../../../Unreal/RoverTest/Content/VehicleAdv/Sound/Engine_att.uasset" 14
"../../../../../Unreal/RoverTest/Content/VehicleAdv/Sound/Engine_Loop_Cue.uasset" 15
"../../../../../Unreal/RoverTest/Content/VehicleAdv/Materials/Fixed_Template_Master.uasset" 16
"../../../../../Unreal/RoverTest/Content/VehicleAdv/Materials/MaterialInstances/Template_BaseBlue.uasset" 17
"../../../../../Unreal/RoverTest/Content/VehicleAdv/Vehicle/VehiclePhysicsAsset.uasset" 18
"../../../../../Unreal/RoverTest/Content/VehicleAdv/Vehicle/Vehicle_SkelMesh.uasset" 19
"../../../../../Unreal/RoverTest/Content/VehicleAdvBP/Blueprints/VehicleBlueprint.uasset" 20
"../../../../../Unreal/RoverTest/Content/VehicleAdvBP/Blueprints/VehicleAdvHud.uasset" 21
"../../../../../Unreal/RoverTest/Content/VehicleAdvBP/Blueprints/VehicleAdvGameMode.uasset" 22
"../../../../../Unreal/RoverTest/Content/Textures/Particle/tex_leave_diff.uasset" 23
"../../../../../Unreal/RoverTest/Content/Material/Particle/M_leave_part.uasset" 24
"../../../Engine/Content/ArtTools/RenderToTexture/MaterialFunctions/FlipbookWind.uasset" 25
"../../../../../Unreal/RoverTest/Content/Material/Master_Material/reaction_param_collection.uasset" 26
"../../../../../Unreal/RoverTest/Content/Textures/Placeholder/tex_diffuse.uasset" 27
"../../../../../Unreal/RoverTest/Content/Material/Master_Material/M_grass_pro.uasset" 28
"../../../../../Unreal/RoverTest/Content/Textures/Grass_Flower/tex_flower_pink_diff.uasset" 29
"../../../../../Unreal/RoverTest/Content/Textures/tex_snow_diff.uasset" 30
"../../../../../Unreal/RoverTest/Content/Textures/tex_variation_diff.uasset" 31
"../../../../../Unreal/RoverTest/Content/Material/Child_Material/M_flower_pro_pink_Inst.uasset" 32
"../../../Engine/Content/Functions/Engine_MaterialFunctions02/Utility/BlendAngleCorrectedNormals.uasset" 33
"../../../../../Unreal/RoverTest/Content/Textures/Ground/tex_dirt_diff.uasset" 34
"../../../../../Unreal/RoverTest/Content/Textures/Ground/tex_dirt_n.uasset" 35
"../../../../../Unreal/RoverTest/Content/Textures/Ground/tex_grass_diff.uasset" 36
"../../../../../Unreal/RoverTest/Content/Textures/Ground/tex_grass_n.uasset" 37
"../../../../../Unreal/RoverTest/Content/Textures/Ground/tex_macro.uasset" 38
"../../../../../Unreal/RoverTest/Content/Textures/Ground/tex_noise.uasset" 39
"../../../../../Unreal/RoverTest/Content/Material/Master_Material/M_landscape.uasset" 40
"../../../../../Unreal/RoverTest/Content/Material/Child_Material/M_landscape_Inst.uasset" 41
"../../../Engine/Content/Functions/Engine_MaterialFunctions02/WorldPositionOffset/Wind.uasset" 42
"../../../../../Unreal/RoverTest/Content/Material/Master_Material/M_tree_pro.uasset" 43
"../../../../../Unreal/RoverTest/Content/Textures/tex_snow_mask1.uasset" 44
"../../../../../Unreal/RoverTest/Content/Textures/Trees/tex_branch_diff.uasset" 45
"../../../../../Unreal/RoverTest/Content/Textures/Trees/tex_leaves_diff.uasset" 46
"../../../../../Unreal/RoverTest/Content/Material/Child_Material/M_tree_pro_Inst.uasset" 47
"../../../../../Unreal/RoverTest/Content/Material/Master_Material/M_grass_advanced.uasset" 48
"../../../../../Unreal/RoverTest/Content/Textures/Grass_Flower/tex_flower_red_diff.uasset" 49
"../../../../../Unreal/RoverTest/Content/Material/Child_Material/M_flower_advanced_red_Inst.uasset" 50
"../../../../../Unreal/RoverTest/Content/Textures/Grass_Flower/tex_grass_diff.uasset" 51
"../../../../../Unreal/RoverTest/Content/Material/Child_Material/M_grass_pro_Inst.uasset" 52
"../../../../../Unreal/RoverTest/Content/Material/Child_Material/M_flower_pro_red_Inst.uasset" 53
"../../../../../Unreal/RoverTest/Content/Material/Master_Material/M_grass_basic.uasset" 54
"../../../../../Unreal/RoverTest/Content/Material/Child_Material/M_flower_basic_pink_Inst.uasset" 55
"../../../../../Unreal/RoverTest/Content/Material/Child_Material/M_bush_pro_Inst.uasset" 56
"../../../../../Unreal/RoverTest/Content/Textures/Placeholder/tex_normal.uasset" 57
"../../../../../Unreal/RoverTest/Content/Material/Master_Material/M_bark.uasset" 58
"../../../../../Unreal/RoverTest/Content/Textures/Trees/tex_deciduousbark1_diff.uasset" 59
"../../../../../Unreal/RoverTest/Content/Textures/Trees/tex_deciduousbark1_n.uasset" 60
"../../../../../Unreal/RoverTest/Content/Material/Child_Material/M_deciduousbark1_Inst.uasset" 61
"../../../../../Unreal/RoverTest/Content/Material/Child_Material/M_grass_advanced_Inst.uasset" 62
"../../../../../Unreal/RoverTest/Content/Material/Child_Material/M_flower_advanced_pink_Inst.uasset" 63
"../../../../../Unreal/RoverTest/Content/Textures/Trees/tex_deciduousbark2_diff.uasset" 64
"../../../../../Unreal/RoverTest/Content/Textures/Trees/tex_deciduousbark2_n.uasset" 65
"../../../../../Unreal/RoverTest/Content/Material/Child_Material/M_deciduousbark2_Inst.uasset" 66
"../../../../../Unreal/RoverTest/Content/Material/Master_Material/M_tree_advanced.uasset" 67
"../../../../../Unreal/RoverTest/Content/Material/Child_Material/M_tree_advanced_Inst.uasset" 68
"../../../../../Unreal/RoverTest/Content/Material/Child_Material/M_bush_advanced_Inst.uasset" 69
"../../../../../Unreal/RoverTest/Content/Textures/tex_snow_mask4.uasset" 70
"../../../../../Unreal/RoverTest/Content/Textures/tex_snow_mask2.uasset" 71
"../../../../../Unreal/RoverTest/Content/Textures/tex_snow_mask3.uasset" 72
"../../../../../Unreal/RoverTest/Content/VehicleAdv/Materials/MasterSolidColor.uasset" 73
"../../../../../Unreal/RoverTest/Content/VehicleAdv/Materials/MaterialInstances/SolidOrange.uasset" 74
"../../../../../Unreal/RoverTest/Content/VehicleAdv/ArenaMesh/RampTwist.uasset" 75
"../../../../../Unreal/RoverTest/Content/VehicleAdv/ArenaMesh/CubeMaterial.uasset" 76
"../../../Engine/Content/EngineMaterials/Grid.uasset" 77
"../../../../../Unreal/RoverTest/Content/VehicleAdv/Materials/MasterGrid.uasset" 78
"../../../../../Unreal/RoverTest/Content/VehicleAdv/Materials/MaterialInstances/RedGrid.uasset" 79
"../../../../../Unreal/RoverTest/Content/VehicleAdv/ArenaMesh/pole.uasset" 80
"../../../../../Unreal/RoverTest/Content/VehicleAdv/Textures/VehicleJoystick_BackgroundR.uasset" 81
"../../../../../Unreal/RoverTest/Content/VehicleAdv/Textures/VehicleJoystick_BackgroundL.uasset" 82
"../../../../../Unreal/RoverTest/Content/VehicleAdv/Sound/Engine_Speed_02_Loop.uasset" 83
"../../../../../Unreal/RoverTest/Content/VehicleAdv/Sound/Engine_Speed_06_Loop.uasset" 84
"../../../../../Unreal/RoverTest/Content/VehicleAdv/Sound/Engine_Speed_03_Loop.uasset" 85
"../../../../../Unreal/RoverTest/Content/VehicleAdv/Sound/Engine_Speed_01_Loop.uasset" 86
"../../../../../Unreal/RoverTest/Content/VehicleAdv/Sound/Engine_Speed_04_Loop.uasset" 87
"../../../../../Unreal/RoverTest/Content/VehicleAdv/Sound/Engine_Speed_05_Loop.uasset" 88
"../../../Engine/Content/MobileResources/HUD/VirtualJoystick_Background.uasset" 89
"../../../Engine/Content/MobileResources/HUD/VirtualJoystick_Thumb.uasset" 90
"../../../../../Unreal/RoverTest/Content/VehicleAdv/Vehicle/LeftVirtualJoystickOnly.uasset" 91
"../../../Engine/Content/Functions/Engine_MaterialFunctions01/Opacity/CameraDepthFade.uasset" 92
"../../../Engine/Content/EngineMaterials/T_Default_Material_Grid_M.uasset" 93
"../../../Engine/Content/EngineMaterials/T_Default_Material_Grid_N.uasset" 94
"../../../Engine/Content/EngineMaterials/WorldGridMaterial.uasset" 95
"../../../../../Unreal/RoverTest/Content/VehicleAdv/Vehicle/VehicleBodyCollision.uasset" 96
"../../../../../Unreal/RoverTest/Content/StarterContent/Audio/Fire_Sparks01.uasset" 97
"../../../../../Unreal/RoverTest/Content/StarterContent/Audio/Light01_Cue.uasset" 98
"../../../../../Unreal/RoverTest/Content/StarterContent/Audio/Light02_Cue.uasset" 99
"../../../../../Unreal/RoverTest/Content/StarterContent/Audio/Collapse01.uasset" 100
"../../../../../Unreal/RoverTest/Content/StarterContent/Audio/Starter_Wind05.uasset" 101
"../../../../../Unreal/RoverTest/Content/StarterContent/Audio/Collapse02.uasset" 102
"../../../../../Unreal/RoverTest/Content/StarterContent/Audio/Steam01.uasset" 103
"../../../../../Unreal/RoverTest/Content/StarterContent/Audio/Light02.uasset" 104
"../../../../../Unreal/RoverTest/Content/StarterContent/Audio/Smoke01.uasset" 105
"../../../../../Unreal/RoverTest/Content/StarterContent/Audio/Fire01.uasset" 106
"../../../../../Unreal/RoverTest/Content/StarterContent/Audio/Explosion01.uasset" 107
"../../../../../Unreal/RoverTest/Content/StarterContent/Audio/Explosion02.uasset" 108
"../../../../../Unreal/RoverTest/Content/StarterContent/Audio/Light01.uasset" 109
"../../../../../Unreal/RoverTest/Content/StarterContent/Audio/Starter_Birds01.uasset" 110
"../../../../../Unreal/RoverTest/Content/StarterContent/Audio/Starter_Wind06.uasset" 111
"../../../../../Unreal/RoverTest/Content/StarterContent/Audio/Starter_Music01.uasset" 112
"../../../Engine/Content/EditorMeshes/ColorCalibrator/T_ColorGrid.uasset" 113
"../../../../../Unreal/RoverTest/Content/StarterContent/Materials/M_ColorGrid_LowSpec.uasset" 114
"../../../../../Unreal/RoverTest/Content/StarterContent/Audio/Explosion_Cue.uasset" 115
"../../../../../Unreal/RoverTest/Content/StarterContent/Textures/T_Burst_M.uasset" 116
"../../../../../Unreal/RoverTest/Content/StarterContent/Particles/Materials/M_Burst.uasset" 117
"../../../../../Unreal/RoverTest/Content/StarterContent/Textures/T_Explosion_SubUV.uasset" 118
"../../../../../Unreal/RoverTest/Content/StarterContent/Particles/Materials/M_explosion_subUV.uasset" 119
"../../../../../Unreal/RoverTest/Content/StarterContent/Particles/Materials/m_flare_01.uasset" 120
"../../../Engine/Content/Functions/Engine_MaterialFunctions01/Gradient/RadialGradient.uasset" 121
"../../../../../Unreal/RoverTest/Content/StarterContent/Particles/Materials/M_radial_ramp.uasset" 122
"../../../../../Unreal/RoverTest/Content/StarterContent/Textures/T_Smoke_SubUV.uasset" 123
"../../../../../Unreal/RoverTest/Content/StarterContent/Textures/T_Smoke_Tiled_D.uasset" 124
"../../../../../Unreal/RoverTest/Content/StarterContent/Particles/Materials/M_smoke_subUV.uasset" 125
"../../../../../Unreal/RoverTest/Content/StarterContent/Particles/P_Explosion.uasset" 126
"../../../../../Unreal/RoverTest/Content/StarterContent/Blueprints/Blueprint_Effect_Explosion.uasset" 127
"../../../../../Unreal/RoverTest/Content/StarterContent/Materials/M_Basic_Wall.uasset" 128
"../../../../../Unreal/RoverTest/Content/StarterContent/Architecture/Wall_Window_400x400.uasset" 129
"../../../../../Unreal/RoverTest/Content/StarterContent/Architecture/Wall_400x400.uasset" 130
"../../../../../Unreal/RoverTest/Content/StarterContent/Architecture/Wall_400x300.uasset" 131
"../../../../../Unreal/RoverTest/Content/StarterContent/Architecture/Pillar_50x500.uasset" 132
"../../../../../Unreal/RoverTest/Content/StarterContent/Architecture/Wall_500x500.uasset" 133
"../../../../../Unreal/RoverTest/Content/StarterContent/Architecture/Wall_Door_400x400.uasset" 134
"../../../../../Unreal/RoverTest/Content/StarterContent/Shapes/Shape_Cone.uasset" 135
"../../../../../Unreal/RoverTest/Content/StarterContent/Shapes/Shape_NarrowCapsule.uasset" 136
"../../../../../Unreal/RoverTest/Content/StarterContent/Shapes/Shape_Trim_90_In.uasset" 137
"../../../../../Unreal/RoverTest/Content/StarterContent/Shapes/Shape_Tube.uasset" 138
"../../../../../Unreal/RoverTest/Content/StarterContent/Shapes/Shape_Torus.uasset" 139
"../../../../../Unreal/RoverTest/Content/StarterContent/Shapes/Shape_Pipe_180.uasset" 140
"../../../../../Unreal/RoverTest/Content/StarterContent/Shapes/Shape_Trim.uasset" 141
"../../../../../Unreal/RoverTest/Content/StarterContent/Shapes/Shape_Plane.uasset" 142
"../../../../../Unreal/RoverTest/Content/StarterContent/Shapes/Shape_Pipe_90.uasset" 143
"../../../../../Unreal/RoverTest/Content/StarterContent/Shapes/Shape_Wedge_A.uasset" 144
"../../../../../Unreal/RoverTest/Content/StarterContent/Shapes/Shape_Wedge_B.uasset" 145
"../../../../../Unreal/RoverTest/Content/StarterContent/Shapes/Shape_TriPyramid.uasset" 146
"../../../../../Unreal/RoverTest/Content/StarterContent/Shapes/Shape_Pipe.uasset" 147
"../../../../../Unreal/RoverTest/Content/StarterContent/Shapes/Shape_Trim_90_Out.uasset" 148
"../../../../../Unreal/RoverTest/Content/StarterContent/Shapes/Shape_WideCapsule.uasset" 149
"../../../../../Unreal/RoverTest/Content/StarterContent/Shapes/Shape_Cylinder.uasset" 150
"../../../../../Unreal/RoverTest/Content/StarterContent/Props/Materials/M_MaterialSphere.uasset" 151
"../../../../../Unreal/RoverTest/Content/StarterContent/Props/Materials/M_MaterialSphere_Plain.uasset" 152
"../../../../../Unreal/RoverTest/Content/StarterContent/Props/SM_MatPreviewMesh_02.uasset" 153
"../../../../../Unreal/RoverTest/Content/StarterContent/Textures/T_Shelf_M.uasset" 154
"../../../../../Unreal/RoverTest/Content/StarterContent/Textures/T_Shelf_N.uasset" 155
"../../../../../Unreal/RoverTest/Content/StarterContent/Props/Materials/M_Shelf.uasset" 156
"../../../../../Unreal/RoverTest/Content/StarterContent/Props/SM_Shelf.uasset" 157
"../../../../../Unreal/RoverTest/Content/StarterContent/Textures/T_Bush_D.uasset" 158
"../../../../../Unreal/RoverTest/Content/StarterContent/Textures/T_Bush_N.uasset" 159
"../../../../../Unreal/RoverTest/Content/StarterContent/Props/Materials/M_Bush.uasset" 160
"../../../../../Unreal/RoverTest/Content/StarterContent/Props/SM_Bush.uasset" 161
"../../../../../Unreal/RoverTest/Content/StarterContent/Textures/T_Detail_Rocky_N.uasset" 162
"../../../../../Unreal/RoverTest/Content/StarterContent/Textures/T_Rock_Basalt_D.uasset" 163
"../../../../../Unreal/RoverTest/Content/StarterContent/Textures/T_RockMesh_M.uasset" 164
"../../../../../Unreal/RoverTest/Content/StarterContent/Textures/T_RockMesh_N.uasset" 165
"../../../../../Unreal/RoverTest/Content/StarterContent/Props/Materials/M_Rock.uasset" 166
"../../../../../Unreal/RoverTest/Content/StarterContent/Props/SM_Rock.uasset" 167
"../../../../../Unreal/RoverTest/Content/StarterContent/Materials/M_Glass.uasset" 168
"../../../../../Unreal/RoverTest/Content/StarterContent/Textures/T_Door_M.uasset" 169
"../../../../../Unreal/RoverTest/Content/StarterContent/Textures/T_Door_N.uasset" 170
"../../../../../Unreal/RoverTest/Content/StarterContent/Props/Materials/M_Door.uasset" 171
"../../../../../Unreal/RoverTest/Content/StarterContent/Props/SM_Door.uasset" 172
"../../../../../Unreal/RoverTest/Content/StarterContent/Textures/T_Chair_M.uasset" 173
"../../../../../Unreal/RoverTest/Content/StarterContent/Textures/T_Chair_N.uasset" 174
"../../../../../Unreal/RoverTest/Content/StarterContent/Props/Materials/M_Chair.uasset" 175
"../../../../../Unreal/RoverTest/Content/StarterContent/Props/SM_Couch.uasset" 176
"../../../../../Unreal/RoverTest/Content/StarterContent/Materials/M_Basic_Floor.uasset" 177
"../../../../../Unreal/RoverTest/Content/StarterContent/Props/SM_Stairs.uasset" 178
"../../../../../Unreal/RoverTest/Content/Material/Child_Material/M_grass_basic_Inst.uasset" 179
"../../../../../Unreal/RoverTest/Content/Meshes/Grass/SM_grass_patch3.uasset" 180
"../../../../../Unreal/RoverTest/Content/Meshes/Grass_00.uasset" 181
"../../../../../Unreal/RoverTest/Content/Meshes/Grass/SM_grass2.uasset" 182
"../../../../../Unreal/RoverTest/Content/Meshes/Grass/SM_grass_patch6.uasset" 183
"../../../../../Unreal/RoverTest/Content/Meshes/Grass/SM_grass4.uasset" 184
"../../../../../Unreal/RoverTest/Content/Meshes/Grass/SM_grass_patch5.uasset" 185
"../../../../../Unreal/RoverTest/Content/Meshes/Grass/SM_grass_patch1.uasset" 186
"../../../../../Unreal/RoverTest/Content/Meshes/Grass/SM_grass6.uasset" 187
"../../../../../Unreal/RoverTest/Content/Meshes/Grass/SM_grass_patch2.uasset" 188
"../../../../../Unreal/RoverTest/Content/Meshes/Grass/SM_grass5.uasset" 189
"../../../../../Unreal/RoverTest/Content/Meshes/Grass/SM_grass_patch4.uasset" 190
"../../../../../Unreal/RoverTest/Content/Meshes/Grass/SM_grass1.uasset" 191
"../../../../../Unreal/RoverTest/Content/Material/Child_Material/M_flower_basic_red_Inst.uasset" 192
"../../../../../Unreal/RoverTest/Content/Meshes/Field/SM_grass_flower_patch4.uasset" 193
"../../../../../Unreal/RoverTest/Content/Meshes/Field/SM_grass_flower_patch3.uasset" 194
"../../../../../Unreal/RoverTest/Content/Meshes/Field/SM_grass_flower_patch5.uasset" 195
"../../../../../Unreal/RoverTest/Content/Meshes/Field/SM_grass_flower_patch2.uasset" 196
"../../../../../Unreal/RoverTest/Content/Meshes/Field/SM_grass_flower_patch6.uasset" 197
"../../../../../Unreal/RoverTest/Content/Meshes/Field/SM_grass_flower_patch1.uasset" 198
"../../../../../Unreal/RoverTest/Content/Textures/Trees/tex_birchbark_diff.uasset" 199
"../../../../../Unreal/RoverTest/Content/Textures/Trees/tex_birchbark_n.uasset" 200
"../../../../../Unreal/RoverTest/Content/Material/Child_Material/M_birchbark_Inst.uasset" 201
"../../../../../Unreal/RoverTest/Content/Material/Master_Material/M_tree_basic.uasset" 202
"../../../../../Unreal/RoverTest/Content/Material/Child_Material/M_tree_basic_Inst.uasset" 203
"../../../../../Unreal/RoverTest/Content/Meshes/Trees/SM_tree8.uasset" 204
"../../../../../Unreal/RoverTest/Content/Meshes/Flowers/SM_grass_patch_flower3.uasset" 205
"../../../../../Unreal/RoverTest/Content/Meshes/Flowers/SM_grass_flower1.uasset" 206
"../../../../../Unreal/RoverTest/Content/Meshes/Flowers/SM_grass_flower2.uasset" 207
"../../../../../Unreal/RoverTest/Content/Meshes/Flowers/SM_grass_flower5.uasset" 208
"../../../../../Unreal/RoverTest/Content/Meshes/Flowers/SM_grass_patch_flower1.uasset" 209
"../../../../../Unreal/RoverTest/Content/Meshes/Flowers/SM_grass_patch_flower2.uasset" 210
"../../../../../Unreal/RoverTest/Content/Meshes/Flowers/SM_grass_flower3.uasset" 211
"../../../../../Unreal/RoverTest/Content/Meshes/Flowers/SM_grass_flower4.uasset" 212
"../../../../../Unreal/RoverTest/Content/Meshes/Flowers/SM_grass_patch_flower6.uasset" 213
"../../../../../Unreal/RoverTest/Content/Meshes/Flowers/SM_grass_flower6.uasset" 214
"../../../../../Unreal/RoverTest/Content/Meshes/Flowers/SM_grass_patch_flower4.uasset" 215
"../../../../../Unreal/RoverTest/Content/Meshes/Flowers/SM_grass_patch_flower5.uasset" 216
"../../../../../Unreal/RoverTest/Content/Material/Child_Material/M_bush_basic_Inst.uasset" 217
"../../../../../Unreal/RoverTest/Content/Meshes/Bush/SM_bush3.uasset" 218
"../../../../../Unreal/RoverTest/Content/Meshes/Bush/SM_bush5.uasset" 219
"../../../../../Unreal/RoverTest/Content/Geometry/Meshes/CubeMaterial.uasset" 220
"../../../../../Unreal/RoverTest/Content/Geometry/Meshes/1M_Cube.uasset" 221
"../../../../../Unreal/RoverTest/Content/Geometry/Meshes/TemplateFloor.uasset" 222
"../../../Engine/Content/MobileResources/T_MobileMenu2.uasset" 223
"../../../Engine/Content/MobileResources/T_MobileControls_texture.uasset" 224
"../../../Engine/Content/MobileResources/HUD/LeftVirtualJoystickOnly.uasset" 225
"../../../Engine/Content/MobileResources/HUD/MobileHUDDirectionPad2.uasset" 226
"../../../Engine/Content/MobileResources/HUD/MobileHUDDirectionPad3.uasset" 227
"../../../Engine/Content/MobileResources/HUD/MobileHUDButtonFire.uasset" 228
"../../../Engine/Content/MobileResources/HUD/AnalogHat.uasset" 229
"../../../Engine/Content/MobileResources/HUD/T_Castle_ThumbstickOutter.uasset" 230
"../../../Engine/Content/MobileResources/HUD/MobileHUDButton1_on.uasset" 231
"../../../Engine/Content/MobileResources/HUD/T_Castle_ThumbstickInner.uasset" 232
"../../../Engine/Content/MobileResources/HUD/MobileHUDDirectionStick.uasset" 233
"../../../Engine/Content/MobileResources/HUD/MobileHUDButton1_off.uasset" 234
"../../../Engine/Content/MobileResources/HUD/DefaultVirtualJoysticks.uasset" 235
"../../../Engine/Content/MobileResources/HUD/MobileHUDButton2_on.uasset" 236
"../../../Engine/Content/MobileResources/HUD/MobileHUDButton3.uasset" 237
"../../../Engine/Content/MobileResources/HUD/MobileHUDButton2_off.uasset" 238
"../../../Engine/Content/MobileResources/HUD/MobileHUDDirectionPad.uasset" 239
"../../../Engine/Content/EngineMaterials/DefaultMaterial.uasset" 240
"../../../Engine/Content/EngineMeshes/Cylinder.uasset" 241
"../../../Engine/Content/EngineMeshes/Sphere.uasset" 242
"../../../Engine/Content/EngineMeshes/Cube.uasset" 243
"../../../Engine/Content/Maps/Templates/Thumbnails/VR-Basic.uasset" 244
"../../../Engine/Content/Maps/Templates/Thumbnails/Default.uasset" 245
"../../../Engine/Content/Tutorial/ContentIntroCurve.uasset" 246
"../../../Engine/Content/Tutorial/Basics/TutorialAssets/icon_tab_Levels_40x.uasset" 247
"../../../Engine/Content/Tutorial/Foliage/TutorialAssets/Foliage.uasset" 248
"../../../Engine/Content/Tutorial/SubEditors/TutorialAssets/icon_ShowSkeletalMeshes_40x.uasset" 249
"../../../Engine/Content/Tutorial/SubEditors/TutorialAssets/T_SmokeSubUV_8X8.uasset" 250
"../../../Engine/Content/Tutorial/SubEditors/TutorialAssets/T_soft_smoke.uasset" 251
"../../../Engine/Content/Tutorial/SubEditors/TutorialAssets/M_smoke_subUV_blackbody.uasset" 252
"../../../Engine/Content/Tutorial/SubEditors/TutorialAssets/TutorialParticleSystem.uasset" 253
"../../../Engine/Content/Tutorial/SubEditors/TutorialAssets/TutorialMaterial.uasset" 254
"../../../Engine/Content/Tutorial/SubEditors/TutorialAssets/icon_Editor_Preferences_General_40x.uasset" 255
"../../../Engine/Content/Tutorial/BlueprintTutorials/TutorialAssets/Tutorial_BP_Interface.uasset" 256
"../../../Engine/Content/Tutorial/BlueprintTutorials/TutorialAssets/BlueprintInterface_64x.uasset" 257
"../../../Engine/Content/Tutorial/BlueprintTutorials/TutorialAssets/Blueprint_64x.uasset" 258
"../../../Engine/Content/Tutorial/BlueprintTutorials/TutorialAssets/BlueprintMacroLibrary_64x.uasset" 259
"../../../Engine/Content/Tutorial/Paper2D/TutorialAssets/Paper2DSprite_TutorialIcon.uasset" 260
"../../../Engine/Content/Tutorial/Paper2D/TutorialAssets/Paper2DFlipbook_TutorialIcon.uasset" 261
"../../../Engine/Content/Tutorial/Landscape/TutorialAssets/Landscape.uasset" 262
"../../../Engine/Content/EditorResources/BSPVertex.uasset" 263
"../../../Engine/Content/EditorResources/EmptyActor.uasset" 264
"../../../Engine/Content/EditorResources/S_Trigger.uasset" 265
"../../../Engine/Content/EditorResources/S_Actor.uasset" 266
"../../../Engine/Content/EditorResources/LightIcons/S_LightError.uasset" 267
"../../../Engine/Content/EditorResources/AudioIcons/S_AudioComponent_AutoActivate.uasset" 268
"../../../Engine/Content/EditorResources/AudioIcons/S_AudioComponent.uasset" 269
"../../../Engine/Content/EngineResources/GradientTexture0.uasset" 270
"../../../Engine/Content/EngineResources/DefaultTextureCube.uasset" 271
"../../../Engine/Content/EngineResources/Black.uasset" 272
"../../../Engine/Content/EngineResources/DefaultTexture.uasset" 273
"../../../Engine/Content/EngineDebugMaterials/DebugEditorMaterial.uasset" 274
"../../../Engine/Content/EngineDebugMaterials/ClothMaterial.uasset" 275
"../../../Engine/Content/EngineDebugMaterials/ClothMaterial_WF.uasset" 276
"../../../Engine/Content/EngineDebugMaterials/DebugMeshMaterial.uasset" 277
"../../../Engine/Content/EngineDebugMaterials/HeatmapGradient.uasset" 278
"../../../Engine/Content/EngineDebugMaterials/BoneWeightMaterial.uasset" 279
"../../../Engine/Content/EngineDebugMaterials/GeomMaterial.uasset" 280
"../../../Engine/Content/Functions/Engine_MaterialFunctions01/Shading/PowerToRoughness.uasset" 281
"../../../Engine/Content/Functions/Engine_MaterialFunctions01/Shading/ConvertFromDiffSpec.uasset" 282
"../../../Engine/Content/EngineFonts/Faces/RobotoBold.uasset" 283
"../../../Engine/Content/EngineFonts/Faces/RobotoBoldItalic.uasset" 284
"../../../Engine/Content/EngineFonts/Faces/RobotoItalic.uasset" 285
"../../../Engine/Content/EngineFonts/Faces/RobotoLight.uasset" 286
"../../../Engine/Content/EngineFonts/Faces/RobotoRegular.uasset" 287
"../../../Engine/Content/EngineFonts/Roboto.uasset" 288
"../../../Engine/Content/EngineFonts/Faces/RobotoTiny.uasset" 289
"../../../Engine/Content/EngineFonts/RobotoTiny.uasset" 290
"../../../Engine/Content/EditorLandscapeResources/DataLayer.uasset" 291
"../../../Engine/Content/EngineMaterials/DefaultLightFunctionMaterial.uasset" 292
"../../../Engine/Content/EngineMaterials/DefaultWhiteGrid.uasset" 293
"../../../Engine/Content/EngineMaterials/PreintegratedSkinBRDF.uasset" 294
"../../../Engine/Content/EngineResources/WhiteSquareTexture.uasset" 295
"../../../Engine/Content/EngineMaterials/Widget3DPassThrough.uasset" 296
"../../../Engine/Content/EngineMaterials/Widget3DPassThrough_Opaque.uasset" 297
"../../../Engine/Content/EngineMaterials/Widget3DPassThrough_Opaque_OneSided.uasset" 298
"../../../Engine/Content/EngineMaterials/DefaultBokeh.uasset" 299
"../../../Engine/Content/EngineMaterials/DefaultDiffuse.uasset" 300
"../../../Engine/Content/EngineMaterials/DefaultDeferredDecalMaterial.uasset" 301
"../../../Engine/Content/EngineMaterials/Widget3DPassThrough_Masked.uasset" 302
"../../../Engine/Content/EngineMaterials/DefaultBloomKernel.uasset" 303
"../../../Engine/Content/EngineMaterials/EditorBrushMaterial.uasset" 304
"../../../Engine/Content/EngineMaterials/Widget3DPassThrough_Masked_OneSided.uasset" 305
"../../../Engine/Content/EngineMaterials/Good64x64TilingNoiseHighFreq.uasset" 306
"../../../Engine/Content/Functions/Engine_MaterialFunctions02/WorldPositionOffset/CameraOffset.uasset" 307
"../../../Engine/Content/EngineMaterials/PhAT_JointLimitMaterial.uasset" 308
"../../../Engine/Content/Functions/Engine_MaterialFunctions02/Utility/BreakOutFloat2Components.uasset" 309
"../../../Engine/Content/EngineMaterials/DefaultPostProcessMaterial.uasset" 310
"../../../Engine/Content/EngineMaterials/WeightMapPlaceholderTexture.uasset" 311
"../../../Engine/Content/EngineMaterials/Widget3DPassThrough_Translucent.uasset" 312
"../../../Engine/Content/EngineMaterials/Widget3DPassThrough_Translucent_OneSided.uasset" 313
"../../../Engine/Content/EngineMaterials/InvalidLightmapSettings.uasset" 314
"../../../Engine/Content/EngineMaterials/M_InvalidLightmapSettings.uasset" 315
"../../../Engine/Content/EngineMaterials/RemoveSurfaceMaterial.uasset" 316
"../../../Engine/Content/EngineMaterials/MiniFont.uasset" 317
"../../../Engine/Content/EngineMaterials/DefaultTextMaterialOpaque.uasset" 318
"../../../Engine/Content/EngineSounds/Master.uasset" 319
"../../../Engine/Content/EngineDamageTypes/DmgTypeBP_Environmental.uasset" 320
"../../../Engine/Content/EditorMaterials/MAT_Groups_Toggle.uasset" 321
"../../../Engine/Content/EditorMaterials/MAT_Groups_Visibility.uasset" 322
"../../../Engine/Content/EditorMaterials/GizmoMaterial.uasset" 323
"../../../Engine/Content/EditorMaterials/PreviewShadowIndicator.uasset" 324
"../../../Engine/Content/EditorMaterials/PreviewShadowIndicatorMaterial.uasset" 325
"../../../Engine/Content/EditorMaterials/ParticleSystems/PSysThumbnail_NoImage.uasset" 326
"../../../Engine/Content/EditorMaterials/ParticleSystems/PSysThumbnail_OOD.uasset" 327
"../../../Engine/Content/EditorMaterials/MatineeGroups/MAT_Groups_Slomo.uasset" 328
"../../../Engine/Content/EditorMaterials/MatineeGroups/MAT_Groups_Director.uasset" 329
"../../../Engine/Content/EditorMaterials/MatineeGroups/MAT_Groups_Float.uasset" 330
"../../../Engine/Content/EditorMaterials/MatineeGroups/MAT_Groups_Move.uasset" 331
"../../../Engine/Content/EditorMaterials/MatineeGroups/MAT_Groups_Event.uasset" 332
"../../../Engine/Content/EditorMaterials/MatineeGroups/MAT_Groups_Sound.uasset" 333
"../../../Engine/Content/EditorMaterials/MatineeGroups/MAT_ColorTrack.uasset" 334
"../../../Engine/Content/EditorMaterials/MatineeGroups/MAT_Groups_AudioMaster.uasset" 335
"../../../Engine/Content/EditorMaterials/MatineeGroups/MAT_Groups_Anim.uasset" 336
"../../../Engine/Content/EditorMaterials/MatineeGroups/MAT_Groups_Vector.uasset" 337
"../../../Engine/Content/EditorMaterials/MatineeGroups/MAT_Groups_Fade.uasset" 338
"../../../Engine/Content/BasicShapes/Plane.uasset" 339
"../../../Engine/Content/BasicShapes/Cone.uasset" 340
"../../../Engine/Content/BasicShapes/Cylinder.uasset" 341
"../../../Engine/Content/BasicShapes/Sphere.uasset" 342
"../../../Engine/Content/BasicShapes/Cube.uasset" 343
"../../../Engine/Content/EditorSounds/Notifications/CompileSuccess.uasset" 344
"../../../Engine/Content/EditorSounds/Notifications/CompileSuccess_Cue.uasset" 345
"../../../Engine/Content/EditorSounds/Notifications/CompileStart_Cue.uasset" 346
"../../../Engine/Content/EditorSounds/Notifications/CompileFailed.uasset" 347
"../../../Engine/Content/EditorSounds/Notifications/CompileFailed_Cue.uasset" 348
"../../../Engine/Content/VREditor/TransformGizmo/TranslucentTransformGizmoMaterial.uasset" 349
"../../../Engine/Content/VREditor/TransformGizmo/TranslucentTransformGizmoMaterial_Inst.uasset" 350
"../../../Engine/Content/VREditor/LaserPointer/VR_LaserPower_01.uasset" 351
"../../../Engine/Content/VREditor/TransformGizmo/TransformGizmoMaterial.uasset" 352
"../../../Engine/Content/VREditor/TransformGizmo/BoundingBoxEdge.uasset" 353
"../../../Engine/Content/VREditor/TransformGizmo/PlaneTranslationHandle.uasset" 354
"../../../Engine/Content/VREditor/TransformGizmo/BoundingBoxCorner.uasset" 355
"../../../Engine/Content/VREditor/TransformGizmo/Main.uasset" 356
"../../../Engine/Content/VREditor/TransformGizmo/Xray.uasset" 357
"../../../Engine/Content/VREditor/TransformGizmo/SM_Sequencer_Key.uasset" 358
"../../../Engine/Content/VREditor/TransformGizmo/SM_Sequencer_Node.uasset" 359
"../../../Engine/Content/VREditor/TransformGizmo/TransformGizmoMaterial_Inst.uasset" 360
"../../../Engine/Content/VREditor/TransformGizmo/SM_Dialog_Move.uasset" 361
"../../../Engine/Content/VREditor/TransformGizmo/SM_Dialog_Close.uasset" 362
"../../../Engine/Content/VREditor/LaserPointer/LaserPointerMaterial.uasset" 363
"../../../Engine/Content/VREditor/LaserPointer/LaserPointerMaterialInst.uasset" 364
"../../../Engine/Content/VREditor/LaserPointer/TranslucentLaserPointerMaterialInst.uasset" 365
"../../../Engine/Content/VREditor/LaserPointer/LaserPointerMesh.uasset" 366
"../../../Engine/Content/VREditor/LaserPointer/LaserPointerMesh_End.uasset" 367
"../../../Engine/Content/VREditor/LaserPointer/LaserPointerMesh_Start.uasset" 368
"../../../Engine/Content/VREditor/LaserPointer/HoverMaterial.uasset" 369
"../../../Engine/Content/VREditor/LaserPointer/TranslucentHoverMaterial.uasset" 370
"../../../Engine/Content/VREditor/LaserPointer/HoverMesh.uasset" 371
"../../../Engine/Content/VREditor/LaserPointer/CursorPointer.uasset" 372
"../../../Engine/Content/Functions/Engine_MaterialFunctions02/Utility/BreakOutFloat3Components.uasset" 373
"../../../Engine/Content/VREditor/Devices/Vive/T_VivePreController_EM.uasset" 374
"../../../Engine/Content/VREditor/Devices/Vive/VivePreController_MasksA.uasset" 375
"../../../Engine/Content/VREditor/Devices/Vive/VivePreController_MasksB.uasset" 376
"../../../Engine/Content/VREditor/Devices/Vive/VivePreControllerDiffuse.uasset" 377
"../../../Engine/Content/VREditor/Devices/Vive/VivePreControllerSpec.uasset" 378
"../../../Engine/Content/VREditor/Devices/Vive/VivePreControllerMaterial.uasset" 379
"../../../Engine/Content/VREditor/Devices/Vive/VivePreControllerMaterial_Inst.uasset" 380
"../../../Engine/Content/VREditor/Devices/Vive/VivePreControllerMesh.uasset" 381
"../../../Engine/Content/VREditor/Devices/Generic/GenericHMDMaterial.uasset" 382
"../../../Engine/Content/VREditor/Devices/Generic/GenericHMD.uasset" 383
"../../../Engine/Content/VREditor/Devices/Oculus/OculusControllerMaterial.uasset" 384
"../../../Engine/Content/VREditor/Devices/Oculus/OculusControllerMaterial_Inst.uasset" 385
"../../../Engine/Content/VREditor/Devices/Oculus/OculusControllerMesh.uasset" 386
"../../../Engine/Content/VREditor/WorldMovementGrid/SimpleGrid.uasset" 387
"../../../Engine/Content/VREditor/WorldMovementGrid/GridMaterial.uasset" 388
"../../../Engine/Content/Functions/Engine_MaterialFunctions01/Density/ExponentialDensity.uasset" 389
"../../../Engine/Content/VREditor/WorldMovementGrid/GridPostProcess.uasset" 390
"../../../Engine/Content/EditorLandscapeResources/FlattenHeightMat.uasset" 391
"../../../Engine/Content/VREditor/WorldMovementGrid/PlaneMesh.uasset" 392
"../../../Engine/Content/VREditor/FloatingText/LineMaterial.uasset" 393
"../../../Engine/Content/VREditor/FloatingText/JointSphere.uasset" 394
"../../../Engine/Content/VREditor/FloatingText/LineSegmentCylinder.uasset" 395
"../../../Engine/Content/VREditor/UI/ArrowMaterial.uasset" 396
"../../../Engine/Content/VREditor/UI/SM_Radial_Pointer.uasset" 397
"../../../Engine/Content/VREditor/Devices/Vive/UE4_Logo.uasset" 398
"../../../Engine/Content/VREditor/UI/M_ContentWindow.uasset" 399
"../../../Engine/Content/VREditor/UI/SM_ContentWindow_01.uasset" 400
"../../../Engine/Content/VREditor/UI/KeyDiskMaterial.uasset" 401
"../../../Engine/Content/VREditor/UI/DiscMaterial.uasset" 402
"../../../Engine/Content/VREditor/UI/SM_Radial_Disk.uasset" 403
"../../../Engine/Content/VREditor/Sounds/VR_teleport.uasset" 404
"../../../Engine/Content/VREditor/Sounds/UI/Click_on_Button.uasset" 405
"../../../Engine/Content/VREditor/Sounds/UI/Floating_UI_Open-001.uasset" 406
"../../../Engine/Content/VREditor/Sounds/UI/Click_on_Button_Cue.uasset" 407
"../../../Engine/Content/VREditor/Sounds/UI/Radial_Menu_FadeOut.uasset" 408
"../../../Engine/Content/VREditor/Sounds/UI/Dockable_Window_Pick_Up.uasset" 409
"../../../Engine/Content/VREditor/Sounds/UI/Drop_Item_From_ContentBrowser.uasset" 410
"../../../Engine/Content/VREditor/Sounds/UI/Dockable_Window_Open.uasset" 411
"../../../Engine/Content/VREditor/Sounds/UI/Dockable_Window_Drop.uasset" 412
"../../../Engine/Content/VREditor/Sounds/UI/Teleport_Mode_Entered.uasset" 413
"../../../Engine/Content/VREditor/Sounds/UI/Dockable_Window_Close.uasset" 414
"../../../Engine/Content/VREditor/Fonts/VRText_RobotoLarge.uasset" 415
"../../../Engine/Content/VREditor/Fonts/VRTextMaterial.uasset" 416
"../../../Engine/Content/VREditor/Fonts/TranslucentVRTextMaterial.uasset" 417
"../../../Engine/Content/VREditor/Teleport/TeleportDirectionMesh.uasset" 418
"../../../Engine/Content/VREditor/Teleport/TeleportDirectionMaterial.uasset" 419
"../../../Engine/Content/VREditor/Teleport/TeleportDirectionMaterial_Inst.uasset" 420
"../../../Engine/Content/EditorMaterials/Camera/CineMat.uasset" 421
"../../../Engine/Content/EditorMaterials/Camera/MI_CineMat_Rig.uasset" 422
"../../../Engine/Content/EditorMeshes/Camera/SM_CraneRig_Body.uasset" 423
"../../../Engine/Content/EditorMeshes/Camera/SM_RailRig_Mount.uasset" 424
"../../../Engine/Content/EditorMeshes/Camera/SM_CraneRig_Base.uasset" 425
"../../../Engine/Content/EditorMeshes/Camera/SM_RailRig_Track.uasset" 426
"../../../Engine/Content/EditorMeshes/Camera/SM_CraneRig_Arm.uasset" 427
"../../../Engine/Content/EditorMeshes/Camera/SM_CraneRig_Mount.uasset" 428
"../../Plugins/2D/Paper2D/Content/DefaultSpriteMaterial.uasset" 429
"../../Plugins/2D/Paper2D/Content/OpaqueUnlitSpriteMaterial.uasset" 430
"../../Plugins/2D/Paper2D/Content/PlaceholderTextures/DummySpriteTexture.uasset" 431
"../../Plugins/2D/Paper2D/Content/DummySprite.uasset" 432
"../../Plugins/2D/Paper2D/Content/DefaultPaperTerrainMaterial.uasset" 433
"../../Plugins/2D/Paper2D/Content/MaskedUnlitSpriteMaterial.uasset" 434
"../../Plugins/Media/MediaCompositing/Content/DefaultMediaPlaneTexture.uasset" 435
"../../Plugins/Media/MediaCompositing/Content/DefaultMediaPlaneMaterial.uasset" 436
"../../../Engine/Content/EditorBlueprintResources/StandardMacros.uasset" 437
"../../../Engine/Content/EngineSky/C_Sky_Cloud_Color.uasset" 438
"../../../Engine/Content/EngineSky/C_Sky_Horizon_Color.uasset" 439
"../../../Engine/Content/EngineSky/C_Sky_Zenith_Color.uasset" 440
"../../../Engine/Content/EngineSky/T_Sky_Blue.uasset" 441
"../../../Engine/Content/EngineSky/T_Sky_Clouds_M.uasset" 442
"../../../Engine/Content/EngineSky/T_Sky_Stars.uasset" 443
"../../../Engine/Content/EngineSky/M_Sky_Panning_Clouds2.uasset" 444
"../../../Engine/Content/EngineSky/SM_SkySphere.uasset" 445
"../../../Engine/Content/EngineSky/BP_Sky_Sphere.uasset" 446
"../../../../../Unreal/RoverTest/Content/NewMap_sharedassets/Dirt_LayerInfo.uasset" 447
"../../../../../Unreal/RoverTest/Content/NewMap_sharedassets/Grass_LayerInfo.uasset" 448
"../../../../../Unreal/RoverTest/Content/NewMap_sharedassets/Rock_LayerInfo.uasset" 449
"../../../../../Unreal/RoverTest/Content/NewMap_BuiltData.uasset" 450
"../../../../../Unreal/RoverTest/Content/StarterContent/Textures/T_Ground_Grass_D.uasset" 451
"../../../../../Unreal/RoverTest/Content/StarterContent/Textures/T_Ground_Grass_N.uasset" 452
"../../../../../Unreal/RoverTest/Content/StarterContent/Textures/T_Rock_Slate_D.uasset" 453
"../../../../../Unreal/RoverTest/Content/StarterContent/Textures/T_Rock_Slate_N.uasset" 454
"../../../../../Unreal/RoverTest/Content/Meshes/MAT_GT_Grass.uasset" 455
"../../../../../Unreal/RoverTest/Content/StarterContent/Textures/T_MacroVariation.uasset" 456
"../../../../../Unreal/RoverTest/Content/StarterContent/Textures/T_Metal_Rust_D.uasset" 457
"../../../../../Unreal/RoverTest/Content/StarterContent/Textures/T_Metal_Rust_N.uasset" 458
"../../../../../Unreal/RoverTest/Content/StarterContent/Materials/M_Metal_Rust.uasset" 459
"../../../../../Unreal/RoverTest/Content/StarterContent/Textures/T_Tech_Hex_Tile_M.uasset" 460
"../../../../../Unreal/RoverTest/Content/StarterContent/Textures/T_Tech_Hex_Tile_N.uasset" 461
"../../../../../Unreal/RoverTest/Content/StarterContent/Materials/M_Tech_Hex_Tile_Pulse.uasset" 462
"../../../Engine/Content/EngineMaterials/DefaultPhysicalMaterial.uasset" 463
"../../../../../Unreal/RoverTest/Content/Geometry/Meshes/1M_Cube_Chamfer.uasset" 464
"../../../../../Unreal/RoverTest/Content/Meshes/Bush/SM_bush1.uasset" 465
"../../../../../Unreal/RoverTest/Content/Meshes/Bush/SM_bush2.uasset" 466
"../../../../../Unreal/RoverTest/Content/Meshes/Bush/SM_bush4.uasset" 467
"../../../../../Unreal/RoverTest/Content/Meshes/Bush/SM_bush6.uasset" 468
"../../../../../Unreal/RoverTest/Content/Meshes/Trees/SM_tree1.uasset" 469
"../../../../../Unreal/RoverTest/Content/Meshes/Trees/SM_tree10.uasset" 470
"../../../../../Unreal/RoverTest/Content/Meshes/Trees/SM_tree2.uasset" 471
"../../../../../Unreal/RoverTest/Content/Meshes/Trees/SM_tree3.uasset" 472
"../../../../../Unreal/RoverTest/Content/Meshes/Trees/SM_tree4.uasset" 473
"../../../../../Unreal/RoverTest/Content/Meshes/Trees/SM_tree5.uasset" 474
"../../../../../Unreal/RoverTest/Content/Meshes/Trees/SM_tree6.uasset" 475
"../../../../../Unreal/RoverTest/Content/Meshes/Trees/SM_tree7.uasset" 476
"../../../../../Unreal/RoverTest/Content/Meshes/Trees/SM_tree9.uasset" 477
"../../../../../Unreal/RoverTest/Content/VehicleAdv/ArenaMesh/RoadSegment_01.uasset" 478
"../../../../../Unreal/RoverTest/Content/NewMap.umap" 479
"../../../../../Unreal/RoverTest/Content/VehicleAdvBP/Maps/LayerInfo/Desert_LayerInfo.uasset" 480
"../../../../../Unreal/RoverTest/Content/VehicleAdvBP/Maps/LayerInfo/Track_LayerInfo.uasset" 481
"../../../../../Unreal/RoverTest/Content/VehicleAdvBP/Maps/VehicleAdvExampleMap_BuiltData.uasset" 482
"../../../../../Unreal/RoverTest/Content/VehicleAdv/Materials/Landscape.uasset" 483
"../../../../../Unreal/RoverTest/Content/VehicleAdv/Materials/MaterialInstances/LandscapeNoHole.uasset" 484
"../../../../../Unreal/RoverTest/Content/Meshes/Grass/SM_grass3.uasset" 485
"../../../../../Unreal/RoverTest/Content/VehicleAdv/ArenaMesh/BumpWave.uasset" 486
"../../../../../Unreal/RoverTest/Content/VehicleAdv/ArenaMesh/BumpWaveSmall.uasset" 487
"../../../../../Unreal/RoverTest/Content/VehicleAdv/ArenaMesh/BumpWedge.uasset" 488
"../../../../../Unreal/RoverTest/Content/VehicleAdv/ArenaMesh/LoopBig.uasset" 489
"../../../../../Unreal/RoverTest/Content/VehicleAdv/ArenaMesh/LoopSmall.uasset" 490
"../../../../../Unreal/RoverTest/Content/VehicleAdv/ArenaMesh/RampLarge.uasset" 491
"../../../../../Unreal/RoverTest/Content/VehicleAdv/Materials/MaterialInstances/BlackGrid.uasset" 492
"../../../../../Unreal/RoverTest/Content/VehicleAdv/ArenaMesh/StraightFull.uasset" 493
"../../../../../Unreal/RoverTest/Content/VehicleAdv/ArenaMesh/StraightHalf.uasset" 494
"../../../../../Unreal/RoverTest/Content/VehicleAdv/ArenaMesh/StraightQuarter.uasset" 495
"../../../../../Unreal/RoverTest/Content/VehicleAdv/Materials/MaterialInstances/SolidRed.uasset" 496
"../../../../../Unreal/RoverTest/Content/VehicleAdv/ArenaMesh/turn_22andhalf.uasset" 497
"../../../../../Unreal/RoverTest/Content/VehicleAdv/ArenaMesh/Turn_45.uasset" 498
"../../../../../Unreal/RoverTest/Content/VehicleAdv/ArenaMesh/Turn_90.uasset" 499
"../../../../../Unreal/RoverTest/Content/VehicleAdv/ArenaMesh/Turn_90Large.uasset" 500
"../../../../../Unreal/RoverTest/Content/VehicleAdvBP/Maps/VehicleAdvExampleMap.umap" 501
"../../../../../Unreal/RoverTest/Content/StarterContent/Blueprints/Assets/FogBrightnessLUT.uasset" 502
"../../../../../Unreal/RoverTest/Content/StarterContent/Blueprints/Assets/SunlightColorLUT.uasset" 503
"../../../../../Unreal/RoverTest/Content/StarterContent/Blueprints/Assets/M_LightStage_Arrows.uasset" 504
"../../../Engine/Content/MapTemplates/Sky/DaylightAmbientCubemap.uasset" 505
"../../../../../Unreal/RoverTest/Content/StarterContent/Blueprints/Assets/M_LightStage_Skybox_Master.uasset" 506
"../../../../../Unreal/RoverTest/Content/StarterContent/Blueprints/Assets/M_LightStage_Skybox_Black.uasset" 507
"../../../../../Unreal/RoverTest/Content/StarterContent/Blueprints/Assets/M_LightStage_Skybox_HDRI.uasset" 508
"../../../Engine/Content/EditorMaterials/Thumbnails/SkySphereMaterial.uasset" 509
"../../../../../Unreal/RoverTest/Content/StarterContent/Blueprints/Assets/Skybox.uasset" 510
"../../../../../Unreal/RoverTest/Content/StarterContent/Blueprints/Assets/SM_Arrows.uasset" 511
"../../../../../Unreal/RoverTest/Content/StarterContent/HDRI/HDRI_Epic_Courtyard_Daylight.uasset" 512
"../../../../../Unreal/RoverTest/Content/StarterContent/Blueprints/BP_LightStudio.uasset" 513
"../../../../../Unreal/RoverTest/Content/StarterContent/Maps/Advanced_Lighting_BuiltData.uasset" 514
"../../../../../Unreal/RoverTest/Content/StarterContent/Materials/M_AssetPlatform.uasset" 515
"../../../Engine/Content/EditorMeshes/ColorCalibrator/M_ChromeBall.uasset" 516
"../../../Engine/Content/EditorMeshes/ColorCalibrator/M_ClearCoat.uasset" 517
"../../../Engine/Content/EditorMeshes/ColorCalibrator/M_ClearCoatBlack.uasset" 518
"../../../Engine/Content/EditorMeshes/ColorCalibrator/Color_checker.uasset" 519
"../../../Engine/Content/EditorMeshes/ColorCalibrator/M_ColorGrid.uasset" 520
"../../../Engine/Content/EditorMeshes/ColorCalibrator/M_GreyBall.uasset" 521
"../../../Engine/Content/EditorMeshes/ColorCalibrator/SM_ColorCalibrator.uasset" 522
"../../../../../Unreal/RoverTest/Content/StarterContent/Architecture/SM_AssetPlatform.uasset" 523
"../../../../../Unreal/RoverTest/Content/StarterContent/Maps/Advanced_Lighting.umap" 524
"../../../../../Unreal/RoverTest/Content/StarterContent/Audio/Fire01_Cue.uasset" 525
"../../../../../Unreal/RoverTest/Content/StarterContent/Textures/T_Fire_SubUV.uasset" 526
"../../../../../Unreal/RoverTest/Content/StarterContent/Textures/T_Fire_Tiled_D.uasset" 527
"../../../../../Unreal/RoverTest/Content/StarterContent/Particles/Materials/M_Fire_SubUV.uasset" 528
"../../../../../Unreal/RoverTest/Content/StarterContent/Textures/T_Water_N.uasset" 529
"../../../../../Unreal/RoverTest/Content/StarterContent/Particles/Materials/M_Heat_Distortion.uasset" 530
"../../../../../Unreal/RoverTest/Content/StarterContent/Particles/Materials/M_Radial_Gradient.uasset" 531
"../../../../../Unreal/RoverTest/Content/StarterContent/Particles/P_Fire.uasset" 532
"../../../../../Unreal/RoverTest/Content/StarterContent/Blueprints/Blueprint_Effect_Fire.uasset" 533
"../../../../../Unreal/RoverTest/Content/StarterContent/Audio/Smoke01_Cue.uasset" 534
"../../../../../Unreal/RoverTest/Content/StarterContent/Particles/P_Smoke.uasset" 535
"../../../../../Unreal/RoverTest/Content/StarterContent/Blueprints/Blueprint_Effect_Smoke.uasset" 536
"../../../../../Unreal/RoverTest/Content/StarterContent/Audio/Fire_Sparks01_Cue.uasset" 537
"../../../../../Unreal/RoverTest/Content/StarterContent/Textures/T_Spark_Core.uasset" 538
"../../../../../Unreal/RoverTest/Content/StarterContent/Particles/Materials/M_Spark.uasset" 539
"../../../../../Unreal/RoverTest/Content/StarterContent/Particles/P_Sparks.uasset" 540
"../../../../../Unreal/RoverTest/Content/StarterContent/Blueprints/Blueprint_Effect_Sparks.uasset" 541
"../../../../../Unreal/RoverTest/Content/StarterContent/Audio/Steam01_Cue.uasset" 542
"../../../../../Unreal/RoverTest/Content/StarterContent/Particles/P_Steam_Lit.uasset" 543
"../../../../../Unreal/RoverTest/Content/StarterContent/Blueprints/Blueprint_Effect_Steam.uasset" 544
"../../../../../Unreal/RoverTest/Content/StarterContent/Textures/T_Lamp_M.uasset" 545
"../../../../../Unreal/RoverTest/Content/StarterContent/Textures/T_Lamp_N.uasset" 546
"../../../../../Unreal/RoverTest/Content/StarterContent/Props/Materials/M_Lamp.uasset" 547
"../../../../../Unreal/RoverTest/Content/StarterContent/Props/SM_Lamp_Ceiling.uasset" 548
"../../../../../Unreal/RoverTest/Content/StarterContent/Blueprints/Blueprint_CeilingLight.uasset" 549
"../../../../../Unreal/RoverTest/Content/StarterContent/Props/SM_Lamp_Wall.uasset" 550
"../../../../../Unreal/RoverTest/Content/StarterContent/Blueprints/Blueprint_WallSconce.uasset" 551
"../../../../../Unreal/RoverTest/Content/StarterContent/Maps/StarterMap_BuiltData.uasset" 552
"../../../../../Unreal/RoverTest/Content/StarterContent/Textures/T_Brick_Clay_Beveled_D.uasset" 553
"../../../../../Unreal/RoverTest/Content/StarterContent/Textures/T_Brick_Clay_Beveled_M.uasset" 554
"../../../../../Unreal/RoverTest/Content/StarterContent/Textures/T_Brick_Clay_Beveled_N.uasset" 555
"../../../../../Unreal/RoverTest/Content/StarterContent/Materials/M_Brick_Clay_Beveled.uasset" 556
"../../../../../Unreal/RoverTest/Content/StarterContent/Textures/T_Brick_Clay_New_D.uasset" 557
"../../../../../Unreal/RoverTest/Content/StarterContent/Textures/T_Brick_Clay_New_M.uasset" 558
"../../../../../Unreal/RoverTest/Content/StarterContent/Textures/T_Brick_Clay_New_N.uasset" 559
"../../../../../Unreal/RoverTest/Content/StarterContent/Materials/M_Brick_Clay_New.uasset" 560
"../../../../../Unreal/RoverTest/Content/StarterContent/Textures/T_Brick_Clay_Old_D.uasset" 561
"../../../../../Unreal/RoverTest/Content/StarterContent/Textures/T_Brick_Clay_Old_N.uasset" 562
"../../../../../Unreal/RoverTest/Content/StarterContent/Textures/T_Perlin_Noise_M.uasset" 563
"../../../../../Unreal/RoverTest/Content/StarterContent/Materials/M_Brick_Clay_Old.uasset" 564
"../../../../../Unreal/RoverTest/Content/StarterContent/Textures/T_Brick_Cut_Stone_D.uasset" 565
"../../../../../Unreal/RoverTest/Content/StarterContent/Textures/T_Brick_Cut_Stone_N.uasset" 566
"../../../../../Unreal/RoverTest/Content/StarterContent/Materials/M_Brick_Cut_Stone.uasset" 567
"../../../../../Unreal/RoverTest/Content/StarterContent/Textures/T_Brick_Hewn_Stone_D.uasset" 568
"../../../../../Unreal/RoverTest/Content/StarterContent/Textures/T_Brick_Hewn_Stone_M.uasset" 569
"../../../../../Unreal/RoverTest/Content/StarterContent/Textures/T_Brick_Hewn_Stone_N.uasset" 570
"../../../../../Unreal/RoverTest/Content/StarterContent/Materials/M_Brick_Hewn_Stone.uasset" 571
"../../../../../Unreal/RoverTest/Content/StarterContent/Textures/T_Ceramic_Tile_M.uasset" 572
"../../../../../Unreal/RoverTest/Content/StarterContent/Textures/T_Ceramic_Tile_N.uasset" 573
"../../../../../Unreal/RoverTest/Content/StarterContent/Textures/T_Rock_Marble_Polished_D.uasset" 574
"../../../../../Unreal/RoverTest/Content/StarterContent/Materials/M_Ceramic_Tile_Checker.uasset" 575
"../../../../../Unreal/RoverTest/Content/StarterContent/Textures/T_CobbleStone_Pebble_D.uasset" 576
"../../../../../Unreal/RoverTest/Content/StarterContent/Textures/T_CobbleStone_Pebble_M.uasset" 577
"../../../../../Unreal/RoverTest/Content/StarterContent/Textures/T_CobbleStone_Pebble_N.uasset" 578
"../../../../../Unreal/RoverTest/Content/StarterContent/Materials/M_CobbleStone_Pebble.uasset" 579
"../../../../../Unreal/RoverTest/Content/StarterContent/Textures/T_CobbleStone_Rough_D.uasset" 580
"../../../../../Unreal/RoverTest/Content/StarterContent/Textures/T_CobbleStone_Rough_N.uasset" 581
"../../../../../Unreal/RoverTest/Content/StarterContent/Textures/T_Gradinet_01.uasset" 582
"../../../../../Unreal/RoverTest/Content/StarterContent/Textures/T_Rock_Smooth_Granite_D.uasset" 583
"../../../../../Unreal/RoverTest/Content/StarterContent/Materials/M_CobbleStone_Rough.uasset" 584
"../../../../../Unreal/RoverTest/Content/StarterContent/Textures/T_CobbleStone_Smooth_D.uasset" 585
"../../../../../Unreal/RoverTest/Content/StarterContent/Textures/T_CobbleStone_Smooth_M.uasset" 586
"../../../../../Unreal/RoverTest/Content/StarterContent/Textures/T_CobbleStone_Smooth_N.uasset" 587
"../../../../../Unreal/RoverTest/Content/StarterContent/Materials/M_CobbleStone_Smooth.uasset" 588
"../../../../../Unreal/RoverTest/Content/StarterContent/Textures/T_Concrete_Grime_D.uasset" 589
"../../../../../Unreal/RoverTest/Content/StarterContent/Materials/M_Concrete_Grime.uasset" 590
"../../../../../Unreal/RoverTest/Content/StarterContent/Textures/T_Concrete_Panels_D.uasset" 591
"../../../../../Unreal/RoverTest/Content/StarterContent/Textures/T_Concrete_Panels_N.uasset" 592
"../../../../../Unreal/RoverTest/Content/StarterContent/Materials/M_Concrete_Panels.uasset" 593
"../../../../../Unreal/RoverTest/Content/StarterContent/Textures/T_Concrete_Poured_D.uasset" 594
"../../../../../Unreal/RoverTest/Content/StarterContent/Textures/T_Concrete_Poured_N.uasset" 595
"../../../../../Unreal/RoverTest/Content/StarterContent/Materials/M_Concrete_Poured.uasset" 596
"../../../../../Unreal/RoverTest/Content/StarterContent/Textures/T_Concrete_Tiles_D.uasset" 597
"../../../../../Unreal/RoverTest/Content/StarterContent/Textures/T_Concrete_Tiles_M.uasset" 598
"../../../../../Unreal/RoverTest/Content/StarterContent/Textures/T_Concrete_Tiles_N.uasset" 599
"../../../../../Unreal/RoverTest/Content/StarterContent/Textures/T_Concrete_Tiles_Variation_M.uasset" 600
"../../../../../Unreal/RoverTest/Content/StarterContent/Materials/M_Concrete_Tiles.uasset" 601
"../../../../../Unreal/RoverTest/Content/StarterContent/Materials/M_Ground_Grass.uasset" 602
"../../../../../Unreal/RoverTest/Content/StarterContent/Textures/T_Ground_Gravel_D.uasset" 603
"../../../../../Unreal/RoverTest/Content/StarterContent/Textures/T_Ground_Gravel_N.uasset" 604
"../../../../../Unreal/RoverTest/Content/StarterContent/Materials/M_Ground_Gravel.uasset" 605
"../../../../../Unreal/RoverTest/Content/StarterContent/Textures/T_ground_Moss_D.uasset" 606
"../../../../../Unreal/RoverTest/Content/StarterContent/Textures/T_Ground_Moss_N.uasset" 607
"../../../../../Unreal/RoverTest/Content/StarterContent/Materials/M_Ground_Moss.uasset" 608
"../../../../../Unreal/RoverTest/Content/StarterContent/Materials/M_Metal_Brushed_Nickel.uasset" 609
"../../../../../Unreal/RoverTest/Content/StarterContent/Textures/T_Metal_Aluminum_D.uasset" 610
"../../../../../Unreal/RoverTest/Content/StarterContent/Textures/T_Metal_Gold_N.uasset" 611
"../../../../../Unreal/RoverTest/Content/StarterContent/Materials/M_Metal_Burnished_Steel.uasset" 612
"../../../../../Unreal/RoverTest/Content/StarterContent/Materials/M_Metal_Chrome.uasset" 613
"../../../../../Unreal/RoverTest/Content/StarterContent/Textures/T_Metal_Copper_D.uasset" 614
"../../../../../Unreal/RoverTest/Content/StarterContent/Materials/M_Metal_Copper.uasset" 615
"../../../../../Unreal/RoverTest/Content/StarterContent/Textures/T_Metal_Gold_D.uasset" 616
"../../../../../Unreal/RoverTest/Content/StarterContent/Materials/M_Metal_Gold.uasset" 617
"../../../../../Unreal/RoverTest/Content/StarterContent/Textures/T_Metal_Steel_D.uasset" 618
"../../../../../Unreal/RoverTest/Content/StarterContent/Textures/T_Metal_Steel_N.uasset" 619
"../../../../../Unreal/RoverTest/Content/StarterContent/Materials/M_Metal_Steel.uasset" 620
"../../../../../Unreal/RoverTest/Content/StarterContent/Textures/T_Rock_Basalt_N.uasset" 621
"../../../../../Unreal/RoverTest/Content/StarterContent/Materials/M_Rock_Basalt.uasset" 622
"../../../../../Unreal/RoverTest/Content/StarterContent/Materials/M_Rock_Marble_Polished.uasset" 623
"../../../../../Unreal/RoverTest/Content/StarterContent/Textures/T_Rock_Sandstone_D.uasset" 624
"../../../../../Unreal/RoverTest/Content/StarterContent/Textures/T_Rock_Sandstone_N.uasset" 625
"../../../../../Unreal/RoverTest/Content/StarterContent/Materials/M_Rock_Sandstone.uasset" 626
"../../../../../Unreal/RoverTest/Content/StarterContent/Materials/M_Rock_Slate.uasset" 627
"../../../../../Unreal/RoverTest/Content/StarterContent/Textures/T_Checker_Noise_M.uasset" 628
"../../../../../Unreal/RoverTest/Content/StarterContent/Textures/T_Single_Tile_N.uasset" 629
"../../../../../Unreal/RoverTest/Content/StarterContent/Textures/T_Tech_Dot_M.uasset" 630
"../../../../../Unreal/RoverTest/Content/StarterContent/Textures/T_Tech_Dot_N.uasset" 631
"../../../../../Unreal/RoverTest/Content/StarterContent/Materials/M_Tech_Checker_Dot.uasset" 632
"../../../../../Unreal/RoverTest/Content/StarterContent/Materials/M_Tech_Hex_Tile.uasset" 633
"../../../../../Unreal/RoverTest/Content/StarterContent/Textures/T_Tech_Panel_M.uasset" 634
"../../../../../Unreal/RoverTest/Content/StarterContent/Textures/T_Tech_Panel_N.uasset" 635
"../../../../../Unreal/RoverTest/Content/StarterContent/Materials/M_Tech_Panel.uasset" 636
"../../../../../Unreal/RoverTest/Content/StarterContent/Materials/M_Water_Lake.uasset" 637
"../../../../../Unreal/RoverTest/Content/StarterContent/Textures/T_Water_M.uasset" 638
"../../../../../Unreal/RoverTest/Content/StarterContent/Materials/M_Water_Ocean.uasset" 639
"../../../../../Unreal/RoverTest/Content/StarterContent/Textures/T_Wood_Floor_Walnut_D.uasset" 640
"../../../../../Unreal/RoverTest/Content/StarterContent/Textures/T_Wood_Floor_Walnut_M.uasset" 641
"../../../../../Unreal/RoverTest/Content/StarterContent/Textures/T_Wood_Floor_Walnut_N.uasset" 642
"../../../../../Unreal/RoverTest/Content/StarterContent/Materials/M_Wood_Floor_Walnut_Polished.uasset" 643
"../../../Engine/Content/Functions/Engine_MaterialFunctions01/Opacity/AlphaOffset.uasset" 644
"../../../../../Unreal/RoverTest/Content/StarterContent/Materials/M_Wood_Floor_Walnut_Worn.uasset" 645
"../../../../../Unreal/RoverTest/Content/StarterContent/Textures/T_Wood_Oak_D.uasset" 646
"../../../../../Unreal/RoverTest/Content/StarterContent/Textures/T_Wood_Oak_N.uasset" 647
"../../../../../Unreal/RoverTest/Content/StarterContent/Materials/M_Wood_Oak.uasset" 648
"../../../../../Unreal/RoverTest/Content/StarterContent/Textures/T_Wood_Pine_D.uasset" 649
"../../../../../Unreal/RoverTest/Content/StarterContent/Textures/T_Wood_Pine_N.uasset" 650
"../../../../../Unreal/RoverTest/Content/StarterContent/Materials/M_Wood_Pine.uasset" 651
"../../../../../Unreal/RoverTest/Content/StarterContent/Textures/T_Wood_Walnut_D.uasset" 652
"../../../../../Unreal/RoverTest/Content/StarterContent/Textures/T_Wood_Walnut_N.uasset" 653
"../../../../../Unreal/RoverTest/Content/StarterContent/Materials/M_Wood_Walnut.uasset" 654
"../../../../../Unreal/RoverTest/Content/StarterContent/Architecture/Floor_400x400.uasset" 655
"../../../../../Unreal/RoverTest/Content/StarterContent/Architecture/Wall_400x200.uasset" 656
"../../../../../Unreal/RoverTest/Content/StarterContent/Architecture/Wall_Door_400x300.uasset" 657
"../../../../../Unreal/RoverTest/Content/StarterContent/Architecture/Wall_Window_400x300.uasset" 658
"../../../../../Unreal/RoverTest/Content/StarterContent/Audio/Collapse_Cue.uasset" 659
"../../../../../Unreal/RoverTest/Content/StarterContent/Audio/Starter_Background_Cue.uasset" 660
"../../../../../Unreal/RoverTest/Content/StarterContent/Audio/Starter_Music_Cue.uasset" 661
"../../../../../Unreal/RoverTest/Content/StarterContent/Textures/T_Dust_Particle_D.uasset" 662
"../../../../../Unreal/RoverTest/Content/StarterContent/Particles/Materials/M_Dust_Particle.uasset" 663
"../../../../../Unreal/RoverTest/Content/StarterContent/Particles/P_Ambient_Dust.uasset" 664
"../../../../../Unreal/RoverTest/Content/StarterContent/Props/MaterialSphere.uasset" 665
"../../../../../Unreal/RoverTest/Content/StarterContent/Props/SM_Chair.uasset" 666
"../../../../../Unreal/RoverTest/Content/StarterContent/Textures/T_Frame_M.uasset" 667
"../../../../../Unreal/RoverTest/Content/StarterContent/Textures/T_Frame_N.uasset" 668
"../../../../../Unreal/RoverTest/Content/StarterContent/Props/Materials/M_Frame.uasset" 669
"../../../../../Unreal/RoverTest/Content/StarterContent/Props/SM_CornerFrame.uasset" 670
"../../../../../Unreal/RoverTest/Content/StarterContent/Props/SM_DoorFrame.uasset" 671
"../../../../../Unreal/RoverTest/Content/StarterContent/Props/SM_GlassWindow.uasset" 672
"../../../../../Unreal/RoverTest/Content/StarterContent/Props/SM_PillarFrame.uasset" 673
"../../../../../Unreal/RoverTest/Content/StarterContent/Props/SM_PillarFrame300.uasset" 674
"../../../../../Unreal/RoverTest/Content/StarterContent/Textures/T_Statue_M.uasset" 675
"../../../../../Unreal/RoverTest/Content/StarterContent/Textures/T_Statue_N.uasset" 676
"../../../../../Unreal/RoverTest/Content/StarterContent/Props/Materials/M_Statue.uasset" 677
"../../../../../Unreal/RoverTest/Content/StarterContent/Props/Materials/M_StatueGlass.uasset" 678
"../../../../../Unreal/RoverTest/Content/StarterContent/Props/SM_Statue.uasset" 679
"../../../../../Unreal/RoverTest/Content/StarterContent/Textures/T_TableRound_M.uasset" 680
"../../../../../Unreal/RoverTest/Content/StarterContent/Textures/T_TableRound_N.uasset" 681
"../../../../../Unreal/RoverTest/Content/StarterContent/Props/Materials/M_TableRound.uasset" 682
"../../../../../Unreal/RoverTest/Content/StarterContent/Props/SM_TableRound.uasset" 683
"../../../../../Unreal/RoverTest/Content/StarterContent/Props/SM_WindowFrame.uasset" 684
"../../../../../Unreal/RoverTest/Content/StarterContent/Shapes/Shape_Cube.uasset" 685
"../../../../../Unreal/RoverTest/Content/StarterContent/Shapes/Shape_QuadPyramid.uasset" 686
"../../../../../Unreal/RoverTest/Content/StarterContent/Shapes/Shape_Sphere.uasset" 687
"../../../../../Unreal/RoverTest/Content/StarterContent/Maps/StarterMap.umap" 688
"../../../../../Unreal/RoverTest/Content/StarterContent/Maps/Minimal_Default_BuiltData.uasset" 689
"../../../../../Unreal/RoverTest/Content/StarterContent/Maps/Minimal_Default.umap" 690
"../../../Engine/Content/Maps/Entry.umap" 691
